<?xml version="1.0" encoding="UTF-8"?>
<!-- Generated by org.testng.reporters.JUnitXMLReporter -->
<testsuite hostname="DESKTOP-L607ME9" name="Validate Fueatured Course text" tests="1" failures="1" timestamp="8 Nov 2020 04:25:58 GMT" time="16.508" errors="0">
  <testcase name="ValidateFeaturedCourseText" time="3.63" classname="TestCases.ValidateFeaturedCrsTest">
    <failure type="java.lang.AssertionError" message="expected [Featured Crs] but found [Featured Courses]">
      <![CDATA[java.lang.AssertionError: expected [Featured Crs] but found [Featured Courses]
	at TestCases.ValidateFeaturedCrsTest.ValidateFeaturedCourseText(ValidateFeaturedCrsTest.java:35)
	at java.util.concurrent.FutureTask.run(FutureTask.java:266)
	at java.util.concurrent.ThreadPoolExecutor.runWorker(ThreadPoolExecutor.java:1149)
	at java.util.concurrent.ThreadPoolExecutor$Worker.run(ThreadPoolExecutor.java:624)
	at java.lang.Thread.run(Thread.java:748)
... Removed 22 stack frames]]>
    </failure>
  </testcase> <!-- ValidateFeaturedCourseText -->
</testsuite> <!-- Validate Fueatured Course text -->
