<?xml version="1.0" encoding="UTF-8"?>
<testng-results skipped="0" failed="1" total="4" passed="3">
  <reporter-output>
  </reporter-output>
  <suite name="Suite" duration-ms="17513" started-at="2020-11-07T05:22:26Z" finished-at="2020-11-07T05:22:43Z">
    <groups>
    </groups>
    <test name="HomePage_Validate Navigation Bar" duration-ms="16066" started-at="2020-11-07T05:22:26Z" finished-at="2020-11-07T05:22:42Z">
      <class name="TestCases.ValidateNavigationBarTest">
        <test-method status="PASS" signature="invokeDriver()[pri:0, instance:TestCases.ValidateNavigationBarTest@59505b48]" name="invokeDriver" is-config="true" duration-ms="6671" started-at="2020-11-06T21:22:26Z" finished-at="2020-11-06T21:22:33Z">
          <reporter-output>
          </reporter-output>
        </test-method> <!-- invokeDriver -->
        <test-method status="PASS" signature="ValidateNavigationBar()[pri:0, instance:TestCases.ValidateNavigationBarTest@59505b48]" name="ValidateNavigationBar" duration-ms="4528" started-at="2020-11-06T21:22:33Z" finished-at="2020-11-06T21:22:37Z">
          <reporter-output>
          </reporter-output>
        </test-method> <!-- ValidateNavigationBar -->
        <test-method status="PASS" signature="tearDrown()[pri:0, instance:TestCases.ValidateNavigationBarTest@59505b48]" name="tearDrown" is-config="true" duration-ms="4861" started-at="2020-11-06T21:22:37Z" finished-at="2020-11-06T21:22:42Z">
          <reporter-output>
          </reporter-output>
        </test-method> <!-- tearDrown -->
      </class> <!-- TestCases.ValidateNavigationBarTest -->
    </test> <!-- HomePage_Validate Navigation Bar -->
    <test name="HomePage_Validate Featured Course Text" duration-ms="16270" started-at="2020-11-07T05:22:26Z" finished-at="2020-11-07T05:22:42Z">
      <class name="TestCases.ValidateFeaturedCrsTest">
        <test-method status="PASS" signature="invokeDriver()[pri:0, instance:TestCases.ValidateFeaturedCrsTest@130c12b7]" name="invokeDriver" is-config="true" duration-ms="6549" started-at="2020-11-06T21:22:26Z" finished-at="2020-11-06T21:22:32Z">
          <reporter-output>
          </reporter-output>
        </test-method> <!-- invokeDriver -->
        <test-method status="FAIL" signature="ValidateFeaturedCourseText()[pri:0, instance:TestCases.ValidateFeaturedCrsTest@130c12b7]" name="ValidateFeaturedCourseText" duration-ms="4359" started-at="2020-11-06T21:22:33Z" finished-at="2020-11-06T21:22:37Z">
          <exception class="java.lang.AssertionError">
            <message>
              <![CDATA[expected [Featured Crs] but found [Featured Courses]]]>
            </message>
            <full-stacktrace>
              <![CDATA[java.lang.AssertionError: expected [Featured Crs] but found [Featured Courses]
	at org.testng.Assert.fail(Assert.java:94)
	at org.testng.Assert.failNotEquals(Assert.java:513)
	at org.testng.Assert.assertEqualsImpl(Assert.java:135)
	at org.testng.Assert.assertEquals(Assert.java:116)
	at org.testng.Assert.assertEquals(Assert.java:190)
	at org.testng.Assert.assertEquals(Assert.java:200)
	at TestCases.ValidateFeaturedCrsTest.ValidateFeaturedCourseText(ValidateFeaturedCrsTest.java:35)
	at sun.reflect.NativeMethodAccessorImpl.invoke0(Native Method)
	at sun.reflect.NativeMethodAccessorImpl.invoke(NativeMethodAccessorImpl.java:62)
	at sun.reflect.DelegatingMethodAccessorImpl.invoke(DelegatingMethodAccessorImpl.java:43)
	at java.lang.reflect.Method.invoke(Method.java:498)
	at org.testng.internal.MethodInvocationHelper.invokeMethod(MethodInvocationHelper.java:86)
	at org.testng.internal.Invoker.invokeMethod(Invoker.java:645)
	at org.testng.internal.Invoker.invokeTestMethod(Invoker.java:822)
	at org.testng.internal.Invoker.invokeTestMethods(Invoker.java:1130)
	at org.testng.internal.TestMethodWorker.invokeTestMethods(TestMethodWorker.java:129)
	at org.testng.internal.TestMethodWorker.run(TestMethodWorker.java:112)
	at org.testng.TestRunner.privateRun(TestRunner.java:782)
	at org.testng.TestRunner.run(TestRunner.java:632)
	at org.testng.SuiteRunner.runTest(SuiteRunner.java:366)
	at org.testng.SuiteRunner.access$000(SuiteRunner.java:39)
	at org.testng.SuiteRunner$SuiteWorker.run(SuiteRunner.java:400)
	at org.testng.internal.thread.ThreadUtil$2.call(ThreadUtil.java:64)
	at java.util.concurrent.FutureTask.run(FutureTask.java:266)
	at java.util.concurrent.ThreadPoolExecutor.runWorker(ThreadPoolExecutor.java:1149)
	at java.util.concurrent.ThreadPoolExecutor$Worker.run(ThreadPoolExecutor.java:624)
	at java.lang.Thread.run(Thread.java:748)
]]>
            </full-stacktrace>
          </exception> <!-- java.lang.AssertionError -->
          <reporter-output>
          </reporter-output>
        </test-method> <!-- ValidateFeaturedCourseText -->
        <test-method status="PASS" signature="tearDown()[pri:0, instance:TestCases.ValidateFeaturedCrsTest@130c12b7]" name="tearDown" is-config="true" duration-ms="4578" started-at="2020-11-06T21:22:38Z" finished-at="2020-11-06T21:22:42Z">
          <reporter-output>
          </reporter-output>
        </test-method> <!-- tearDown -->
      </class> <!-- TestCases.ValidateFeaturedCrsTest -->
    </test> <!-- HomePage_Validate Featured Course Text -->
    <test name="LoginPage_Validate Login Credentials" duration-ms="17512" started-at="2020-11-07T05:22:26Z" finished-at="2020-11-07T05:22:43Z">
      <class name="TestCases.LoginPageTest">
        <test-method status="PASS" signature="invokeDriver()[pri:0, instance:TestCases.LoginPageTest@2e6a8155]" name="invokeDriver" is-config="true" duration-ms="6704" started-at="2020-11-06T21:22:26Z" finished-at="2020-11-06T21:22:33Z">
          <reporter-output>
          </reporter-output>
        </test-method> <!-- invokeDriver -->
        <test-method status="PASS" signature="loginPage(java.lang.String, java.lang.String, java.lang.String)[pri:0, instance:TestCases.LoginPageTest@2e6a8155]" name="loginPage" duration-ms="4532" started-at="2020-11-06T21:22:33Z" data-provider="getData" finished-at="2020-11-06T21:22:37Z">
          <params>
            <param index="0">
              <value>
                <![CDATA[firstUserEmail]]>
              </value>
            </param>
            <param index="1">
              <value>
                <![CDATA[firstUserPassword]]>
              </value>
            </param>
            <param index="2">
              <value>
                <![CDATA[firstUser]]>
              </value>
            </param>
          </params>
          <reporter-output>
          </reporter-output>
        </test-method> <!-- loginPage -->
        <test-method status="PASS" signature="loginPage(java.lang.String, java.lang.String, java.lang.String)[pri:0, instance:TestCases.LoginPageTest@2e6a8155]" name="loginPage" duration-ms="1845" started-at="2020-11-06T21:22:37Z" data-provider="getData" finished-at="2020-11-06T21:22:39Z">
          <params>
            <param index="0">
              <value>
                <![CDATA[secondUserEmail]]>
              </value>
            </param>
            <param index="1">
              <value>
                <![CDATA[secondUserPassword]]>
              </value>
            </param>
            <param index="2">
              <value>
                <![CDATA[secondUser]]>
              </value>
            </param>
          </params>
          <reporter-output>
          </reporter-output>
        </test-method> <!-- loginPage -->
        <test-method status="PASS" signature="tearDown()[pri:0, instance:TestCases.LoginPageTest@2e6a8155]" name="tearDown" is-config="true" duration-ms="4426" started-at="2020-11-06T21:22:39Z" finished-at="2020-11-06T21:22:43Z">
          <reporter-output>
          </reporter-output>
        </test-method> <!-- tearDown -->
      </class> <!-- TestCases.LoginPageTest -->
    </test> <!-- LoginPage_Validate Login Credentials -->
  </suite> <!-- Suite -->
</testng-results>
