<?xml version="1.0" encoding="UTF-8"?>
<testng-results skipped="0" failed="1" total="4" passed="3">
  <reporter-output>
  </reporter-output>
  <suite name="Suite" duration-ms="17938" started-at="2020-11-08T04:25:42Z" finished-at="2020-11-08T04:26:00Z">
    <groups>
    </groups>
    <test name="Validate Fueatured Course text" duration-ms="16508" started-at="2020-11-08T04:25:42Z" finished-at="2020-11-08T04:25:58Z">
      <class name="TestCases.ValidateFeaturedCrsTest">
        <test-method status="PASS" signature="invokeDriver()[pri:0, instance:TestCases.ValidateFeaturedCrsTest@59505b48]" name="invokeDriver" is-config="true" duration-ms="7197" started-at="2020-11-07T20:25:42Z" finished-at="2020-11-07T20:25:49Z">
          <reporter-output>
          </reporter-output>
        </test-method> <!-- invokeDriver -->
        <test-method status="FAIL" signature="ValidateFeaturedCourseText()[pri:0, instance:TestCases.ValidateFeaturedCrsTest@59505b48]" name="ValidateFeaturedCourseText" duration-ms="3630" started-at="2020-11-07T20:25:49Z" finished-at="2020-11-07T20:25:53Z">
          <exception class="java.lang.AssertionError">
            <message>
              <![CDATA[expected [Featured Crs] but found [Featured Courses]]]>
            </message>
            <full-stacktrace>
              <![CDATA[java.lang.AssertionError: expected [Featured Crs] but found [Featured Courses]
	at org.testng.Assert.fail(Assert.java:94)
	at org.testng.Assert.failNotEquals(Assert.java:513)
	at org.testng.Assert.assertEqualsImpl(Assert.java:135)
	at org.testng.Assert.assertEquals(Assert.java:116)
	at org.testng.Assert.assertEquals(Assert.java:190)
	at org.testng.Assert.assertEquals(Assert.java:200)
	at TestCases.ValidateFeaturedCrsTest.ValidateFeaturedCourseText(ValidateFeaturedCrsTest.java:35)
	at sun.reflect.NativeMethodAccessorImpl.invoke0(Native Method)
	at sun.reflect.NativeMethodAccessorImpl.invoke(NativeMethodAccessorImpl.java:62)
	at sun.reflect.DelegatingMethodAccessorImpl.invoke(DelegatingMethodAccessorImpl.java:43)
	at java.lang.reflect.Method.invoke(Method.java:498)
	at org.testng.internal.MethodInvocationHelper.invokeMethod(MethodInvocationHelper.java:86)
	at org.testng.internal.Invoker.invokeMethod(Invoker.java:645)
	at org.testng.internal.Invoker.invokeTestMethod(Invoker.java:822)
	at org.testng.internal.Invoker.invokeTestMethods(Invoker.java:1130)
	at org.testng.internal.TestMethodWorker.invokeTestMethods(TestMethodWorker.java:129)
	at org.testng.internal.TestMethodWorker.run(TestMethodWorker.java:112)
	at org.testng.TestRunner.privateRun(TestRunner.java:782)
	at org.testng.TestRunner.run(TestRunner.java:632)
	at org.testng.SuiteRunner.runTest(SuiteRunner.java:366)
	at org.testng.SuiteRunner.access$000(SuiteRunner.java:39)
	at org.testng.SuiteRunner$SuiteWorker.run(SuiteRunner.java:400)
	at org.testng.internal.thread.ThreadUtil$2.call(ThreadUtil.java:64)
	at java.util.concurrent.FutureTask.run(FutureTask.java:266)
	at java.util.concurrent.ThreadPoolExecutor.runWorker(ThreadPoolExecutor.java:1149)
	at java.util.concurrent.ThreadPoolExecutor$Worker.run(ThreadPoolExecutor.java:624)
	at java.lang.Thread.run(Thread.java:748)
]]>
            </full-stacktrace>
          </exception> <!-- java.lang.AssertionError -->
          <reporter-output>
          </reporter-output>
        </test-method> <!-- ValidateFeaturedCourseText -->
        <test-method status="PASS" signature="tearDown()[pri:0, instance:TestCases.ValidateFeaturedCrsTest@59505b48]" name="tearDown" is-config="true" duration-ms="4619" started-at="2020-11-07T20:25:54Z" finished-at="2020-11-07T20:25:58Z">
          <reporter-output>
          </reporter-output>
        </test-method> <!-- tearDown -->
      </class> <!-- TestCases.ValidateFeaturedCrsTest -->
    </test> <!-- Validate Fueatured Course text -->
    <test name="Validate Navigation Bar" duration-ms="16529" started-at="2020-11-08T04:25:42Z" finished-at="2020-11-08T04:25:58Z">
      <class name="TestCases.ValidateNavigationBarTest">
        <test-method status="PASS" signature="invokeDriver()[pri:0, instance:TestCases.ValidateNavigationBarTest@130c12b7]" name="invokeDriver" is-config="true" duration-ms="7230" started-at="2020-11-07T20:25:42Z" finished-at="2020-11-07T20:25:49Z">
          <reporter-output>
          </reporter-output>
        </test-method> <!-- invokeDriver -->
        <test-method status="PASS" signature="ValidateNavigationBar()[pri:0, instance:TestCases.ValidateNavigationBarTest@130c12b7]" name="ValidateNavigationBar" duration-ms="4732" started-at="2020-11-07T20:25:49Z" finished-at="2020-11-07T20:25:54Z">
          <reporter-output>
          </reporter-output>
        </test-method> <!-- ValidateNavigationBar -->
        <test-method status="PASS" signature="tearDrown()[pri:0, instance:TestCases.ValidateNavigationBarTest@130c12b7]" name="tearDrown" is-config="true" duration-ms="4560" started-at="2020-11-07T20:25:54Z" finished-at="2020-11-07T20:25:58Z">
          <reporter-output>
          </reporter-output>
        </test-method> <!-- tearDrown -->
      </class> <!-- TestCases.ValidateNavigationBarTest -->
    </test> <!-- Validate Navigation Bar -->
    <test name="Login Page" duration-ms="17938" started-at="2020-11-08T04:25:42Z" finished-at="2020-11-08T04:26:00Z">
      <class name="TestCases.LoginPageTest">
        <test-method status="PASS" signature="invokeDriver()[pri:0, instance:TestCases.LoginPageTest@2e6a8155]" name="invokeDriver" is-config="true" duration-ms="7054" started-at="2020-11-07T20:25:42Z" finished-at="2020-11-07T20:25:49Z">
          <reporter-output>
          </reporter-output>
        </test-method> <!-- invokeDriver -->
        <test-method status="PASS" signature="loginPage(java.lang.String, java.lang.String, java.lang.String)[pri:0, instance:TestCases.LoginPageTest@2e6a8155]" name="loginPage" duration-ms="4577" started-at="2020-11-07T20:25:49Z" data-provider="getData" finished-at="2020-11-07T20:25:53Z">
          <params>
            <param index="0">
              <value>
                <![CDATA[firstUserEmail]]>
              </value>
            </param>
            <param index="1">
              <value>
                <![CDATA[firstUserPassword]]>
              </value>
            </param>
            <param index="2">
              <value>
                <![CDATA[firstUser]]>
              </value>
            </param>
          </params>
          <reporter-output>
          </reporter-output>
        </test-method> <!-- loginPage -->
        <test-method status="PASS" signature="loginPage(java.lang.String, java.lang.String, java.lang.String)[pri:0, instance:TestCases.LoginPageTest@2e6a8155]" name="loginPage" duration-ms="1786" started-at="2020-11-07T20:25:53Z" data-provider="getData" finished-at="2020-11-07T20:25:55Z">
          <params>
            <param index="0">
              <value>
                <![CDATA[secondUserEmail]]>
              </value>
            </param>
            <param index="1">
              <value>
                <![CDATA[secondUserPassword]]>
              </value>
            </param>
            <param index="2">
              <value>
                <![CDATA[secondUser]]>
              </value>
            </param>
          </params>
          <reporter-output>
          </reporter-output>
        </test-method> <!-- loginPage -->
        <test-method status="PASS" signature="tearDown()[pri:0, instance:TestCases.LoginPageTest@2e6a8155]" name="tearDown" is-config="true" duration-ms="4508" started-at="2020-11-07T20:25:55Z" finished-at="2020-11-07T20:26:00Z">
          <reporter-output>
          </reporter-output>
        </test-method> <!-- tearDown -->
      </class> <!-- TestCases.LoginPageTest -->
    </test> <!-- Login Page -->
  </suite> <!-- Suite -->
</testng-results>
